<?xml version="1.0" encoding="UTF-8"?>
<robot generator="Robot 6.1.1 (Python 3.10.6 on win32)" generated="20240105 13:16:17.154" rpa="false" schemaversion="4">
<suite id="s1" name="robotFramework automation OrangeHRM" source="D:\Lamar\PT ESB\PT ESB QA Engineer L2 Test Assessment\Soal 04 Automation\robotFramework_automation_OrangeHRM">
<suite id="s1-s1" name="TC 04-Update-Personal-Info" source="D:\Lamar\PT ESB\PT ESB QA Engineer L2 Test Assessment\Soal 04 Automation\robotFramework_automation_OrangeHRM\TC_04-Update-Personal-Info.robot">
<test id="s1-s1-t1" name="Update Personal Info" line="8">
<kw name="Login OrangeHRM" library="factory">
<kw name="Open Browser" library="Selenium2Library">
<arg>https://opensource-demo.orangehrmlive.com/web/index.php/auth/login</arg>
<arg>chrome</arg>
<doc>Opens a new browser instance to the optional ``url``.</doc>
<msg timestamp="20240105 13:16:17.421" level="INFO">Opening browser 'chrome' to base url 'https://opensource-demo.orangehrmlive.com/web/index.php/auth/login'.</msg>
<status status="PASS" starttime="20240105 13:16:17.420" endtime="20240105 13:16:31.398"/>
</kw>
<kw name="Maximize Browser Window" library="Selenium2Library">
<doc>Maximizes current browser window.</doc>
<status status="PASS" starttime="20240105 13:16:31.398" endtime="20240105 13:16:31.518"/>
</kw>
<kw name="Sleep" library="BuiltIn">
<arg>2</arg>
<doc>Pauses the test executed for the given time.</doc>
<msg timestamp="20240105 13:16:33.535" level="INFO">Slept 2 seconds</msg>
<status status="PASS" starttime="20240105 13:16:31.519" endtime="20240105 13:16:33.536"/>
</kw>
<kw name="Input Text" library="Selenium2Library">
<arg>name=username</arg>
<arg>Admin</arg>
<doc>Types the given ``text`` into the text field identified by ``locator``.</doc>
<msg timestamp="20240105 13:16:33.538" level="INFO">Typing text 'Admin' into text field 'name=username'.</msg>
<status status="PASS" starttime="20240105 13:16:33.536" endtime="20240105 13:16:33.640"/>
</kw>
<kw name="Input Text" library="Selenium2Library">
<arg>name=password</arg>
<arg>admin123</arg>
<doc>Types the given ``text`` into the text field identified by ``locator``.</doc>
<msg timestamp="20240105 13:16:33.641" level="INFO">Typing text 'admin123' into text field 'name=password'.</msg>
<status status="PASS" starttime="20240105 13:16:33.640" endtime="20240105 13:16:33.708"/>
</kw>
<kw name="Click Element" library="Selenium2Library">
<arg>//*[@id="app"]/div[1]/div/div[1]/div/div[2]/div[2]/form/div[3]/button</arg>
<doc>Click the element identified by ``locator``.</doc>
<msg timestamp="20240105 13:16:33.709" level="INFO">Clicking element '//*[@id="app"]/div[1]/div/div[1]/div/div[2]/div[2]/form/div[3]/button'.</msg>
<status status="PASS" starttime="20240105 13:16:33.708" endtime="20240105 13:16:33.741"/>
</kw>
<kw name="Sleep" library="BuiltIn">
<arg>5</arg>
<doc>Pauses the test executed for the given time.</doc>
<msg timestamp="20240105 13:16:38.742" level="INFO">Slept 5 seconds</msg>
<status status="PASS" starttime="20240105 13:16:33.741" endtime="20240105 13:16:38.744"/>
</kw>
<status status="PASS" starttime="20240105 13:16:17.420" endtime="20240105 13:16:38.744"/>
</kw>
<kw name="Choose My Info" library="factory">
<kw name="Click Element" library="Selenium2Library">
<arg>//*[@id="app"]/div[1]/div[1]/aside/nav/div[2]/ul/li[6]/a</arg>
<doc>Click the element identified by ``locator``.</doc>
<msg timestamp="20240105 13:16:38.748" level="INFO">Clicking element '//*[@id="app"]/div[1]/div[1]/aside/nav/div[2]/ul/li[6]/a'.</msg>
<status status="PASS" starttime="20240105 13:16:38.745" endtime="20240105 13:16:39.745"/>
</kw>
<kw name="Sleep" library="BuiltIn">
<arg>4</arg>
<doc>Pauses the test executed for the given time.</doc>
<msg timestamp="20240105 13:16:43.751" level="INFO">Slept 4 seconds</msg>
<status status="PASS" starttime="20240105 13:16:39.745" endtime="20240105 13:16:43.751"/>
</kw>
<status status="PASS" starttime="20240105 13:16:38.745" endtime="20240105 13:16:43.751"/>
</kw>
<kw name="Enter Personal Name and Nickname" library="factory">
<kw name="Clear Element Text" library="Selenium2Library">
<arg>//*[@id="app"]/div[1]/div[2]/div[2]/div/div/div/div[2]/div[1]/form/div[1]/div[1]/div/div/div[2]/div[1]/div[2]/input</arg>
<doc>Clears the value of the text-input-element identified by ``locator``.</doc>
<status status="PASS" starttime="20240105 13:16:43.753" endtime="20240105 13:16:43.789"/>
</kw>
<kw name="Sleep" library="BuiltIn">
<arg>1</arg>
<doc>Pauses the test executed for the given time.</doc>
<msg timestamp="20240105 13:16:44.798" level="INFO">Slept 1 second</msg>
<status status="PASS" starttime="20240105 13:16:43.789" endtime="20240105 13:16:44.798"/>
</kw>
<kw name="Input Text" library="Selenium2Library">
<arg>//*[@id="app"]/div[1]/div[2]/div[2]/div/div/div/div[2]/div[1]/form/div[1]/div[1]/div/div/div[2]/div[1]/div[2]/input</arg>
<arg>James</arg>
<doc>Types the given ``text`` into the text field identified by ``locator``.</doc>
<msg timestamp="20240105 13:16:44.799" level="INFO">Typing text 'James' into text field '//*[@id="app"]/div[1]/div[2]/div[2]/div/div/div/div[2]/div[1]/form/div[1]/div[1]/div/div/div[2]/div[1]/div[2]/input'.</msg>
<status status="PASS" starttime="20240105 13:16:44.798" endtime="20240105 13:16:44.903"/>
</kw>
<kw name="Clear Element Text" library="Selenium2Library">
<arg>//*[@id="app"]/div[1]/div[2]/div[2]/div/div/div/div[2]/div[1]/form/div[1]/div[1]/div/div/div[2]/div[2]/div[2]/Input</arg>
<doc>Clears the value of the text-input-element identified by ``locator``.</doc>
<status status="PASS" starttime="20240105 13:16:44.904" endtime="20240105 13:16:44.936"/>
</kw>
<kw name="Sleep" library="BuiltIn">
<arg>1</arg>
<doc>Pauses the test executed for the given time.</doc>
<msg timestamp="20240105 13:16:45.940" level="INFO">Slept 1 second</msg>
<status status="PASS" starttime="20240105 13:16:44.937" endtime="20240105 13:16:45.940"/>
</kw>
<kw name="Input Text" library="Selenium2Library">
<arg>//*[@id="app"]/div[1]/div[2]/div[2]/div/div/div/div[2]/div[1]/form/div[1]/div[1]/div/div/div[2]/div[2]/div[2]/Input</arg>
<arg>Norigton</arg>
<doc>Types the given ``text`` into the text field identified by ``locator``.</doc>
<msg timestamp="20240105 13:16:45.942" level="INFO">Typing text 'Norigton' into text field '//*[@id="app"]/div[1]/div[2]/div[2]/div/div/div/div[2]/div[1]/form/div[1]/div[1]/div/div/div[2]/div[2]/div[2]/Input'.</msg>
<status status="PASS" starttime="20240105 13:16:45.940" endtime="20240105 13:16:46.035"/>
</kw>
<kw name="Clear Element Text" library="Selenium2Library">
<arg>//*[@id="app"]/div[1]/div[2]/div[2]/div/div/div/div[2]/div[1]/form/div[1]/div[1]/div/div/div[2]/div[3]/div[2]/input</arg>
<doc>Clears the value of the text-input-element identified by ``locator``.</doc>
<status status="PASS" starttime="20240105 13:16:46.035" endtime="20240105 13:16:46.066"/>
</kw>
<kw name="Sleep" library="BuiltIn">
<arg>1</arg>
<doc>Pauses the test executed for the given time.</doc>
<msg timestamp="20240105 13:16:47.069" level="INFO">Slept 1 second</msg>
<status status="PASS" starttime="20240105 13:16:46.067" endtime="20240105 13:16:47.069"/>
</kw>
<kw name="Input Text" library="Selenium2Library">
<arg>//*[@id="app"]/div[1]/div[2]/div[2]/div/div/div/div[2]/div[1]/form/div[1]/div[1]/div/div/div[2]/div[3]/div[2]/input</arg>
<arg>Worth</arg>
<doc>Types the given ``text`` into the text field identified by ``locator``.</doc>
<msg timestamp="20240105 13:16:47.070" level="INFO">Typing text 'Worth' into text field '//*[@id="app"]/div[1]/div[2]/div[2]/div/div/div/div[2]/div[1]/form/div[1]/div[1]/div/div/div[2]/div[3]/div[2]/input'.</msg>
<status status="PASS" starttime="20240105 13:16:47.069" endtime="20240105 13:16:47.158"/>
</kw>
<kw name="Input Text" library="Selenium2Library">
<arg>//*[@id="app"]/div[1]/div[2]/div[2]/div/div/div/div[2]/div[1]/form/div[1]/div[2]/div/div/div[2]/input</arg>
<arg>James</arg>
<doc>Types the given ``text`` into the text field identified by ``locator``.</doc>
<msg timestamp="20240105 13:16:47.158" level="INFO">Typing text 'James' into text field '//*[@id="app"]/div[1]/div[2]/div[2]/div/div/div/div[2]/div[1]/form/div[1]/div[2]/div/div/div[2]/input'.</msg>
<status status="PASS" starttime="20240105 13:16:47.158" endtime="20240105 13:16:47.223"/>
</kw>
<status status="PASS" starttime="20240105 13:16:43.753" endtime="20240105 13:16:47.223"/>
</kw>
<kw name="Enter Nationality" library="factory">
<kw name="Click Element" library="Selenium2Library">
<arg>//*[@id="app"]/div[1]/div[2]/div[2]/div/div/div/div[2]/div[1]/form/div[3]/div[1]/div[1]/div/div[2]/div</arg>
<doc>Click the element identified by ``locator``.</doc>
<msg timestamp="20240105 13:16:47.224" level="INFO">Clicking element '//*[@id="app"]/div[1]/div[2]/div[2]/div/div/div/div[2]/div[1]/form/div[3]/div[1]/div[1]/div/div[2]/div'.</msg>
<status status="PASS" starttime="20240105 13:16:47.224" endtime="20240105 13:16:47.263"/>
</kw>
<kw name="Sleep" library="BuiltIn">
<arg>1</arg>
<doc>Pauses the test executed for the given time.</doc>
<msg timestamp="20240105 13:16:48.270" level="INFO">Slept 1 second</msg>
<status status="PASS" starttime="20240105 13:16:47.263" endtime="20240105 13:16:48.270"/>
</kw>
<kw name="Click Element" library="Selenium2Library">
<arg>//*[@id="app"]/div[1]/div[2]/div[2]/div/div/div/div[2]/div[1]/form/div[3]/div[1]/div[1]/div/div[2]/div/div[2]/div[5]/span</arg>
<doc>Click the element identified by ``locator``.</doc>
<msg timestamp="20240105 13:16:48.272" level="INFO">Clicking element '//*[@id="app"]/div[1]/div[2]/div[2]/div/div/div/div[2]/div[1]/form/div[3]/div[1]/div[1]/div/div[2]/div/div[2]/div[5]/span'.</msg>
<status status="PASS" starttime="20240105 13:16:48.271" endtime="20240105 13:16:48.327"/>
</kw>
<status status="PASS" starttime="20240105 13:16:47.223" endtime="20240105 13:16:48.327"/>
</kw>
<kw name="Click Save on Personal Info" library="factory">
<kw name="Click Element" library="Selenium2Library">
<arg>//*[@id="app"]/div[1]/div[2]/div[2]/div/div/div/div[2]/div[1]/form/div[5]/button</arg>
<doc>Click the element identified by ``locator``.</doc>
<msg timestamp="20240105 13:16:48.329" level="INFO">Clicking element '//*[@id="app"]/div[1]/div[2]/div[2]/div/div/div/div[2]/div[1]/form/div[5]/button'.</msg>
<status status="PASS" starttime="20240105 13:16:48.329" endtime="20240105 13:16:48.384"/>
</kw>
<kw name="Sleep" library="BuiltIn">
<arg>2</arg>
<doc>Pauses the test executed for the given time.</doc>
<msg timestamp="20240105 13:16:50.389" level="INFO">Slept 2 seconds</msg>
<status status="PASS" starttime="20240105 13:16:48.385" endtime="20240105 13:16:50.389"/>
</kw>
<status status="PASS" starttime="20240105 13:16:48.328" endtime="20240105 13:16:50.389"/>
</kw>
<status status="PASS" starttime="20240105 13:16:17.419" endtime="20240105 13:16:50.391"/>
</test>
<status status="PASS" starttime="20240105 13:16:17.190" endtime="20240105 13:16:50.392"/>
</suite>
<status status="PASS" starttime="20240105 13:16:17.168" endtime="20240105 13:16:50.396"/>
</suite>
<statistics>
<total>
<stat pass="1" fail="0" skip="0">All Tests</stat>
</total>
<tag>
</tag>
<suite>
<stat pass="1" fail="0" skip="0" id="s1" name="robotFramework automation OrangeHRM">robotFramework automation OrangeHRM</stat>
<stat pass="1" fail="0" skip="0" id="s1-s1" name="TC 04-Update-Personal-Info">robotFramework automation OrangeHRM.TC 04-Update-Personal-Info</stat>
</suite>
</statistics>
<errors>
</errors>
</robot>
